0 verbose cli /home/rational/.nvm/versions/node/v20.16.0/bin/node /home/rational/.nvm/versions/node/v20.16.0/bin/npm
1 info using npm@10.8.1
2 info using node@v20.16.0
3 silly config load:file:/home/rational/.nvm/versions/node/v20.16.0/lib/node_modules/npm/npmrc
4 silly config load:file:/home/rational/Swiss2/.npmrc
5 silly config load:file:/home/rational/.npmrc
6 silly config load:file:/home/rational/.nvm/versions/node/v20.16.0/etc/npmrc
7 verbose title npm install @nomicfoundation/hardhat-toolbox
8 verbose argv "install" "--save-dev" "@nomicfoundation/hardhat-toolbox"
9 verbose logfile logs-max:10 dir:/home/rational/.npm/_logs/2024-07-27T01_52_35_630Z-
10 verbose logfile /home/rational/.npm/_logs/2024-07-27T01_52_35_630Z-debug-0.log
11 silly packumentCache heap:2197815296 maxSize:549453824 maxEntrySize:274726912
12 silly logfile start cleaning logs, removing 1 files
13 silly logfile done cleaning log files
14 silly idealTree buildDeps
15 silly fetch manifest @nomicfoundation/hardhat-toolbox@^3.0.0
16 silly packumentCache full:https://registry.npmjs.org/@nomicfoundation%2fhardhat-toolbox cache-miss
17 http fetch GET 200 https://registry.npmjs.org/@nomicfoundation%2fhardhat-toolbox 1525ms (cache revalidated)
18 silly packumentCache full:https://registry.npmjs.org/@nomicfoundation%2fhardhat-toolbox set size:55216 disposed:false
19 silly fetch manifest @nomicfoundation/hardhat-chai-matchers@^2.0.0
20 silly packumentCache full:https://registry.npmjs.org/@nomicfoundation%2fhardhat-chai-matchers cache-miss
21 http fetch GET 200 https://registry.npmjs.org/@nomicfoundation%2fhardhat-chai-matchers 1171ms (cache revalidated)
22 silly packumentCache full:https://registry.npmjs.org/@nomicfoundation%2fhardhat-chai-matchers set size:87778 disposed:false
23 silly fetch manifest @nomicfoundation/hardhat-ethers@^3.0.0
24 silly packumentCache full:https://registry.npmjs.org/@nomicfoundation%2fhardhat-ethers cache-miss
25 http fetch GET 200 https://registry.npmjs.org/@nomicfoundation%2fhardhat-ethers 1148ms (cache revalidated)
26 silly packumentCache full:https://registry.npmjs.org/@nomicfoundation%2fhardhat-ethers set size:26620 disposed:false
27 silly fetch manifest ethers@^6.1.0
28 silly packumentCache full:https://registry.npmjs.org/ethers cache-miss
29 http fetch GET 200 https://registry.npmjs.org/ethers 684ms (cache revalidated)
30 silly packumentCache full:https://registry.npmjs.org/ethers set size:1309679 disposed:false
31 silly fetch manifest hardhat@^2.22.6
32 silly packumentCache full:https://registry.npmjs.org/hardhat cache-miss
33 http fetch GET 200 https://registry.npmjs.org/hardhat 15ms (cache hit)
34 silly packumentCache full:https://registry.npmjs.org/hardhat set size:1021361 disposed:false
35 silly fetch manifest ts-node@*
36 silly packumentCache full:https://registry.npmjs.org/ts-node cache-miss
37 http fetch GET 200 https://registry.npmjs.org/ts-node 6ms (cache hit)
38 silly packumentCache full:https://registry.npmjs.org/ts-node set size:574520 disposed:false
39 silly fetch manifest @swc/core@>=1.2.50
40 silly packumentCache full:https://registry.npmjs.org/@swc%2fcore cache-miss
41 http fetch GET 200 https://registry.npmjs.org/@swc%2fcore 32ms (cache hit)
42 silly packumentCache full:https://registry.npmjs.org/@swc%2fcore set size:3073005 disposed:false
43 silly fetch manifest @swc/helpers@*
44 silly packumentCache full:https://registry.npmjs.org/@swc%2fhelpers cache-miss
45 http fetch GET 200 https://registry.npmjs.org/@swc%2fhelpers 12ms (cache hit)
46 silly packumentCache full:https://registry.npmjs.org/@swc%2fhelpers set size:568005 disposed:false
47 silly fetch manifest @swc/wasm@>=1.2.50
48 silly packumentCache full:https://registry.npmjs.org/@swc%2fwasm cache-miss
49 http fetch GET 200 https://registry.npmjs.org/@swc%2fwasm 9ms (cache hit)
50 silly packumentCache full:https://registry.npmjs.org/@swc%2fwasm set size:937835 disposed:false
51 silly fetch manifest @types/node@*
52 silly packumentCache full:https://registry.npmjs.org/@types%2fnode cache-miss
53 http fetch GET 200 https://registry.npmjs.org/@types%2fnode 53ms (cache hit)
54 silly packumentCache full:https://registry.npmjs.org/@types%2fnode set size:8873479 disposed:false
55 silly fetch manifest typescript@>=2.7
56 silly packumentCache full:https://registry.npmjs.org/typescript cache-miss
57 http fetch GET 200 https://registry.npmjs.org/typescript 99ms (cache hit)
58 silly packumentCache full:https://registry.npmjs.org/typescript set size:13034628 disposed:false
59 silly fetch manifest chai@^4.2.0
60 silly packumentCache full:https://registry.npmjs.org/chai cache-miss
61 http fetch GET 200 https://registry.npmjs.org/chai 232ms (cache revalidated)
62 silly packumentCache full:https://registry.npmjs.org/chai set size:194264 disposed:false
63 silly fetch manifest @nomicfoundation/hardhat-network-helpers@^1.0.0
64 silly packumentCache full:https://registry.npmjs.org/@nomicfoundation%2fhardhat-network-helpers cache-miss
65 http fetch GET 200 https://registry.npmjs.org/@nomicfoundation%2fhardhat-network-helpers 1160ms (cache revalidated)
66 silly packumentCache full:https://registry.npmjs.org/@nomicfoundation%2fhardhat-network-helpers set size:64802 disposed:false
67 silly fetch manifest @nomicfoundation/hardhat-verify@^1.0.0
68 silly packumentCache full:https://registry.npmjs.org/@nomicfoundation%2fhardhat-verify cache-miss
69 http fetch GET 200 https://registry.npmjs.org/@nomicfoundation%2fhardhat-verify 1228ms (cache revalidated)
70 silly packumentCache full:https://registry.npmjs.org/@nomicfoundation%2fhardhat-verify set size:65484 disposed:false
71 silly fetch manifest @typechain/ethers-v6@^0.4.0
72 silly packumentCache full:https://registry.npmjs.org/@typechain%2fethers-v6 cache-miss
73 http fetch GET 200 https://registry.npmjs.org/@typechain%2fethers-v6 1159ms (cache revalidated)
74 silly packumentCache full:https://registry.npmjs.org/@typechain%2fethers-v6 set size:35710 disposed:false
75 silly fetch manifest typechain@^8.3.1
76 silly packumentCache full:https://registry.npmjs.org/typechain cache-miss
77 http fetch GET 200 https://registry.npmjs.org/typechain 654ms (cache revalidated)
78 silly packumentCache full:https://registry.npmjs.org/typechain set size:389293 disposed:false
79 silly fetch manifest @typechain/hardhat@^8.0.0
80 silly packumentCache full:https://registry.npmjs.org/@typechain%2fhardhat cache-miss
81 http fetch GET 200 https://registry.npmjs.org/@typechain%2fhardhat 1258ms (cache revalidated)
82 silly packumentCache full:https://registry.npmjs.org/@typechain%2fhardhat set size:103526 disposed:false
83 silly fetch manifest @types/chai@^4.2.0
84 silly packumentCache full:https://registry.npmjs.org/@types%2fchai cache-miss
85 http fetch GET 200 https://registry.npmjs.org/@types%2fchai 246ms (cache revalidated)
86 silly packumentCache full:https://registry.npmjs.org/@types%2fchai set size:203138 disposed:false
87 silly fetch manifest @types/mocha@>=9.1.0
88 silly packumentCache full:https://registry.npmjs.org/@types%2fmocha cache-miss
89 http fetch GET 200 https://registry.npmjs.org/@types%2fmocha 239ms (cache revalidated)
90 silly packumentCache full:https://registry.npmjs.org/@types%2fmocha set size:127727 disposed:false
91 silly fetch manifest hardhat-gas-reporter@^1.0.8
92 silly packumentCache full:https://registry.npmjs.org/hardhat-gas-reporter cache-miss
93 http fetch GET 200 https://registry.npmjs.org/hardhat-gas-reporter 666ms (cache revalidated)
94 silly packumentCache full:https://registry.npmjs.org/hardhat-gas-reporter set size:321519 disposed:false
95 silly fetch manifest solidity-coverage@^0.8.1
96 silly packumentCache full:https://registry.npmjs.org/solidity-coverage cache-miss
97 http fetch GET 200 https://registry.npmjs.org/solidity-coverage 830ms (cache revalidated)
98 silly packumentCache full:https://registry.npmjs.org/solidity-coverage set size:625323 disposed:false
99 silly placeDep ROOT @nomicfoundation/hardhat-toolbox@3.0.0 REPLACE for:  want: ^3.0.0
100 silly reify moves {}
101 silly audit bulk request {
101 silly audit   '@adraffy/ens-normalize': [ '1.10.1' ],
101 silly audit   '@cspotcode/source-map-support': [ '0.8.1' ],
101 silly audit   '@ethereumjs/rlp': [ '4.0.1' ],
101 silly audit   '@ethereumjs/util': [ '8.1.0' ],
101 silly audit   '@noble/curves': [ '1.4.2', '1.2.0' ],
101 silly audit   '@noble/hashes': [ '1.4.0', '1.3.2', '1.2.0' ],
101 silly audit   '@scure/bip32': [ '1.4.0', '1.1.5' ],
101 silly audit   '@scure/bip39': [ '1.3.0', '1.1.1' ],
101 silly audit   'ethereum-cryptography': [ '2.2.1', '0.1.3', '1.2.0' ],
101 silly audit   '@ethersproject/abi': [ '5.7.0' ],
101 silly audit   '@ethersproject/abstract-provider': [ '5.7.0' ],
101 silly audit   '@ethersproject/abstract-signer': [ '5.7.0' ],
101 silly audit   '@ethersproject/address': [ '5.7.0' ],
101 silly audit   '@ethersproject/base64': [ '5.7.0' ],
101 silly audit   '@ethersproject/basex': [ '5.7.0' ],
101 silly audit   '@ethersproject/bignumber': [ '5.7.0' ],
101 silly audit   '@ethersproject/bytes': [ '5.7.0' ],
101 silly audit   '@ethersproject/constants': [ '5.7.0' ],
101 silly audit   '@ethersproject/contracts': [ '5.7.0' ],
101 silly audit   '@ethersproject/hash': [ '5.7.0' ],
101 silly audit   '@ethersproject/hdnode': [ '5.7.0' ],
101 silly audit   '@ethersproject/json-wallets': [ '5.7.0' ],
101 silly audit   'aes-js': [ '3.0.0', '4.0.0-beta.5' ],
101 silly audit   '@ethersproject/keccak256': [ '5.7.0' ],
101 silly audit   '@ethersproject/logger': [ '5.7.0' ],
101 silly audit   '@ethersproject/networks': [ '5.7.1' ],
101 silly audit   '@ethersproject/pbkdf2': [ '5.7.0' ],
101 silly audit   '@ethersproject/properties': [ '5.7.0' ],
101 silly audit   '@ethersproject/providers': [ '5.7.2' ],
101 silly audit   ws: [ '7.4.6', '8.17.1', '7.5.10' ],
101 silly audit   '@ethersproject/random': [ '5.7.0' ],
101 silly audit   '@ethersproject/rlp': [ '5.7.0' ],
101 silly audit   '@ethersproject/sha2': [ '5.7.0' ],
101 silly audit   '@ethersproject/signing-key': [ '5.7.0' ],
101 silly audit   '@ethersproject/solidity': [ '5.7.0' ],
101 silly audit   '@ethersproject/strings': [ '5.7.0' ],
101 silly audit   '@ethersproject/transactions': [ '5.7.0' ],
101 silly audit   '@ethersproject/units': [ '5.7.0' ],
101 silly audit   '@ethersproject/wallet': [ '5.7.0' ],
101 silly audit   '@ethersproject/web': [ '5.7.1' ],
101 silly audit   '@ethersproject/wordlists': [ '5.7.0' ],
101 silly audit   '@fastify/busboy': [ '2.1.1' ],
101 silly audit   '@jridgewell/resolve-uri': [ '3.1.2' ],
101 silly audit   '@jridgewell/sourcemap-codec': [ '1.5.0' ],
101 silly audit   '@jridgewell/trace-mapping': [ '0.3.9' ],
101 silly audit   '@metamask/eth-sig-util': [ '4.0.1' ],
101 silly audit   '@noble/secp256k1': [ '1.7.1' ],
101 silly audit   '@nodelib/fs.scandir': [ '2.1.5' ],
101 silly audit   '@nodelib/fs.stat': [ '2.0.5' ],
101 silly audit   '@nodelib/fs.walk': [ '1.2.8' ],
101 silly audit   '@nomicfoundation/edr': [ '0.4.2' ],
101 silly audit   '@nomicfoundation/edr-darwin-arm64': [ '0.4.2' ],
101 silly audit   '@nomicfoundation/edr-darwin-x64': [ '0.4.2' ],
101 silly audit   '@nomicfoundation/edr-linux-arm64-gnu': [ '0.4.2' ],
101 silly audit   '@nomicfoundation/edr-linux-arm64-musl': [ '0.4.2' ],
101 silly audit   '@nomicfoundation/edr-linux-x64-gnu': [ '0.4.2' ],
101 silly audit   '@nomicfoundation/edr-linux-x64-musl': [ '0.4.2' ],
101 silly audit   '@nomicfoundation/edr-win32-x64-msvc': [ '0.4.2' ],
101 silly audit   '@nomicfoundation/ethereumjs-common': [ '4.0.4' ],
101 silly audit   '@nomicfoundation/ethereumjs-rlp': [ '5.0.4' ],
101 silly audit   '@nomicfoundation/ethereumjs-tx': [ '5.0.4' ],
101 silly audit   '@nomicfoundation/ethereumjs-util': [ '9.0.4' ],
101 silly audit   '@nomicfoundation/hardhat-chai-matchers': [ '2.0.7' ],
101 silly audit   '@nomicfoundation/hardhat-ethers': [ '3.0.6' ],
101 silly audit   '@nomicfoundation/hardhat-network-helpers': [ '1.0.11' ],
101 silly audit   'ethereumjs-util': [ '7.1.5', '6.2.1' ],
101 silly audit   '@nomicfoundation/hardhat-verify': [ '1.1.1' ],
101 silly audit   '@nomicfoundation/solidity-analyzer': [ '0.1.2' ],
101 silly audit   '@nomicfoundation/solidity-analyzer-darwin-arm64': [ '0.1.2' ],
101 silly audit   '@nomicfoundation/solidity-analyzer-darwin-x64': [ '0.1.2' ],
101 silly audit   '@nomicfoundation/solidity-analyzer-linux-arm64-gnu': [ '0.1.2' ],
101 silly audit   '@nomicfoundation/solidity-analyzer-linux-arm64-musl': [ '0.1.2' ],
101 silly audit   '@nomicfoundation/solidity-analyzer-linux-x64-gnu': [ '0.1.2' ],
101 silly audit   '@nomicfoundation/solidity-analyzer-linux-x64-musl': [ '0.1.2' ],
101 silly audit   '@nomicfoundation/solidity-analyzer-win32-x64-msvc': [ '0.1.2' ],
101 silly audit   '@oasisprotocol/deoxysii': [ '0.0.5' ],
101 silly audit   '@openzeppelin/contracts': [ '4.9.6' ],
101 silly audit   '@scure/base': [ '1.1.7' ],
101 silly audit   '@sentry/core': [ '5.30.0' ],
101 silly audit   '@sentry/hub': [ '5.30.0' ],
101 silly audit   '@sentry/minimal': [ '5.30.0' ],
101 silly audit   '@sentry/node': [ '5.30.0' ],
101 silly audit   '@sentry/tracing': [ '5.30.0' ],
101 silly audit   '@sentry/types': [ '5.30.0' ],
101 silly audit   '@sentry/utils': [ '5.30.0' ],
101 silly audit   '@solidity-parser/parser': [ '0.14.5', '0.18.0' ],
101 silly audit   '@swisstronik/utils': [ '1.3.0' ],
101 silly audit   bech32: [ '2.0.0', '1.1.4' ],
101 silly audit   ethers: [ '5.7.2', '6.13.2' ],
101 silly audit   rlp: [ '3.0.0', '2.2.7' ],
101 silly audit   '@tsconfig/node10': [ '1.0.11' ],
101 silly audit   '@tsconfig/node12': [ '1.0.11' ],
101 silly audit   '@tsconfig/node14': [ '1.0.3' ],
101 silly audit   '@tsconfig/node16': [ '1.0.4' ],
101 silly audit   '@typechain/ethers-v6': [ '0.4.3' ],
101 silly audit   '@typechain/hardhat': [ '8.0.3' ],
101 silly audit   'fs-extra': [ '9.1.0', '7.0.1', '8.1.0' ],
101 silly audit   jsonfile: [ '6.1.0', '4.0.0' ],
101 silly audit   universalify: [ '2.0.1', '0.1.2' ],
101 silly audit   '@types/bn.js': [ '5.1.5', '4.11.6' ],
101 silly audit   '@types/chai': [ '4.3.16' ],
101 silly audit   '@types/chai-as-promised': [ '7.1.8' ],
101 silly audit   '@types/concat-stream': [ '1.6.1' ],
101 silly audit   '@types/form-data': [ '0.0.33' ],
101 silly audit   '@types/glob': [ '7.2.0' ],
101 silly audit   '@types/lru-cache': [ '5.1.1' ],
101 silly audit   '@types/minimatch': [ '5.1.2' ],
101 silly audit   '@types/mocha': [ '10.0.7' ],
101 silly audit   '@types/node': [ '20.14.12', '18.15.13', '10.17.60', '8.10.66' ],
101 silly audit   '@types/pbkdf2': [ '3.1.2' ],
101 silly audit   '@types/prettier': [ '2.7.3' ],
101 silly audit   '@types/qs': [ '6.9.15' ],
101 silly audit   '@types/secp256k1': [ '4.0.6' ],
101 silly audit   abbrev: [ '1.0.9' ],
101 silly audit   acorn: [ '8.12.1' ],
101 silly audit   'acorn-walk': [ '8.3.3' ],
101 silly audit   'adm-zip': [ '0.4.16' ],
101 silly audit   'agent-base': [ '6.0.2' ],
101 silly audit   'aggregate-error': [ '3.1.0' ],
101 silly audit   ajv: [ '8.17.1' ],
101 silly audit   amdefine: [ '1.0.1' ],
101 silly audit   'ansi-align': [ '3.0.1' ],
101 silly audit   'ansi-colors': [ '4.1.3' ],
101 silly audit   'ansi-escapes': [ '4.3.2' ],
101 silly audit   'ansi-regex': [ '5.0.1', '3.0.1' ],
101 silly audit   'ansi-styles': [ '3.2.1', '4.3.0' ],
101 silly audit   antlr4ts: [ '0.5.0-alpha.4' ],
101 silly audit   anymatch: [ '3.1.3' ],
101 silly audit   arg: [ '4.1.3' ],
101 silly audit   argparse: [ '2.0.1', '1.0.10' ],
101 silly audit   'array-back': [ '3.1.0', '4.0.2' ],
101 silly audit   'array-union': [ '2.1.0' ],
101 silly audit   'array-uniq': [ '1.0.3' ],
101 silly audit   asap: [ '2.0.6' ],
101 silly audit   'assertion-error': [ '1.1.0' ],
101 silly audit   'astral-regex': [ '2.0.0' ],
101 silly audit   async: [ '1.5.2' ],
101 silly audit   asynckit: [ '0.4.0' ],
101 silly audit   'at-least-node': [ '1.0.0' ],
101 silly audit   axios: [ '1.7.2' ],
101 silly audit   'balanced-match': [ '1.0.2' ],
101 silly audit   'base-x': [ '3.0.10' ],
101 silly audit   'binary-extensions': [ '2.3.0' ],
101 silly audit   blakejs: [ '1.2.1' ],
101 silly audit   'bn.js': [ '5.2.1', '4.12.0', '4.11.6' ],
101 silly audit   boxen: [ '5.1.2' ],
101 silly audit   chalk: [ '4.1.2', '2.4.2' ],
101 silly audit   'color-convert': [ '2.0.1', '1.9.3' ],
101 silly audit   'color-name': [ '1.1.4', '1.1.3' ],
101 silly audit   'has-flag': [ '4.0.0', '3.0.0', '1.0.0' ],
101 silly audit   'supports-color': [ '7.2.0', '8.1.1', '3.2.3', '5.5.0' ],
101 silly audit   'type-fest': [ '0.20.2', '0.7.1', '0.21.3' ],
101 silly audit   'brace-expansion': [ '1.1.11', '2.0.1' ],
101 silly audit   braces: [ '3.0.3' ],
101 silly audit   brorand: [ '1.1.0' ],
101 silly audit   'browser-stdout': [ '1.3.1' ],
101 silly audit   'browserify-aes': [ '1.2.0' ],
101 silly audit   bs58: [ '4.0.1' ],
101 silly audit   bs58check: [ '2.1.2' ],
101 silly audit   bsaes: [ '0.0.2' ],
101 silly audit   'buffer-from': [ '1.1.2' ],
101 silly audit   'buffer-xor': [ '1.0.3' ],
101 silly audit   bytes: [ '3.1.2' ],
101 silly audit   'call-bind': [ '1.0.7' ],
101 silly audit   camelcase: [ '6.3.0' ],
101 silly audit   caseless: [ '0.12.0' ],
101 silly audit   cbor: [ '8.1.0' ],
101 silly audit   chai: [ '4.5.0' ],
101 silly audit   'chai-as-promised': [ '7.1.2' ],
101 silly audit   charenc: [ '0.0.2' ],
101 silly audit   'check-error': [ '1.0.3' ],
101 silly audit   chokidar: [ '3.6.0' ],
101 silly audit   'ci-info': [ '2.0.0' ],
101 silly audit   'cipher-base': [ '1.0.4' ],
101 silly audit   'clean-stack': [ '2.2.0' ],
101 silly audit   'cli-boxes': [ '2.2.1' ],
101 silly audit   'cli-table3': [ '0.5.1' ],
101 silly audit   'is-fullwidth-code-point': [ '2.0.0', '3.0.0' ],
101 silly audit   'string-width': [ '2.1.1', '4.2.3' ],
101 silly audit   'strip-ansi': [ '4.0.0', '6.0.1' ],
101 silly audit   cliui: [ '7.0.4' ],
101 silly audit   colors: [ '1.4.0' ],
101 silly audit   'combined-stream': [ '1.0.8' ],
101 silly audit   'command-exists': [ '1.2.9' ],
101 silly audit   'command-line-args': [ '5.2.1' ],
101 silly audit   'command-line-usage': [ '6.1.3' ],
101 silly audit   typical: [ '5.2.0', '4.0.0' ],
101 silly audit   commander: [ '8.3.0' ],
101 silly audit   'concat-map': [ '0.0.1' ],
101 silly audit   'concat-stream': [ '1.6.2' ],
101 silly audit   'readable-stream': [ '2.3.8', '3.6.2' ],
101 silly audit   'safe-buffer': [ '5.1.2', '5.2.1' ],
101 silly audit   string_decoder: [ '1.1.1', '1.3.0' ],
101 silly audit   cookie: [ '0.4.2' ],
101 silly audit   'core-util-is': [ '1.0.3' ],
101 silly audit   'create-hash': [ '1.2.0' ],
101 silly audit   'create-hmac': [ '1.1.7' ],
101 silly audit   'create-require': [ '1.1.1' ],
101 silly audit   crypt: [ '0.0.2' ],
101 silly audit   death: [ '1.1.0' ],
101 silly audit   debug: [ '4.3.5' ],
101 silly audit   decamelize: [ '4.0.0' ],
101 silly audit   'deep-eql': [ '4.1.4' ],
101 silly audit   'deep-extend': [ '0.6.0' ],
101 silly audit   'deep-is': [ '0.1.4' ],
101 silly audit   'define-data-property': [ '1.1.4' ],
101 silly audit   'delayed-stream': [ '1.0.0' ],
101 silly audit   depd: [ '2.0.0' ],
101 silly audit   diff: [ '5.2.0', '4.0.2' ],
101 silly audit   difflib: [ '0.2.4' ],
101 silly audit   'dir-glob': [ '3.0.1' ],
101 silly audit   elliptic: [ '6.5.4' ],
101 silly audit   'emoji-regex': [ '8.0.0' ],
101 silly audit   enquirer: [ '2.4.1' ],
101 silly audit   'env-paths': [ '2.2.1' ],
101 silly audit   'es-define-property': [ '1.0.0' ],
101 silly audit   'es-errors': [ '1.3.0' ],
101 silly audit   escalade: [ '3.1.2' ],
101 silly audit   'escape-string-regexp': [ '1.0.5', '4.0.0' ],
101 silly audit   escodegen: [ '1.8.1' ],
101 silly audit   'source-map': [ '0.2.0', '0.6.1' ],
101 silly audit   esprima: [ '2.7.3', '4.0.1' ],
101 silly audit   estraverse: [ '1.9.3' ],
101 silly audit   esutils: [ '2.0.3' ],
101 silly audit   'eth-gas-reporter': [ '0.2.27' ],
101 silly audit   'ethereum-bloom-filters': [ '1.2.0' ],
101 silly audit   'ethereumjs-abi': [ '0.6.8' ],
101 silly audit   tslib: [ '2.4.0', '1.14.1' ],
101 silly audit   'ethjs-unit': [ '0.1.6' ],
101 silly audit   'ethjs-util': [ '0.1.6' ],
101 silly audit   evp_bytestokey: [ '1.0.3' ],
101 silly audit   'fast-deep-equal': [ '3.1.3' ],
101 silly audit   'fast-glob': [ '3.3.2' ],
101 silly audit   'fast-levenshtein': [ '2.0.6' ],
101 silly audit   'fast-uri': [ '3.0.1' ],
101 silly audit   fastq: [ '1.17.1' ],
101 silly audit   'fill-range': [ '7.1.1' ],
101 silly audit   'find-replace': [ '3.0.0' ],
101 silly audit   'find-up': [ '2.1.0', '5.0.0' ],
101 silly audit   flat: [ '5.0.2' ],
101 silly audit   'follow-redirects': [ '1.15.6' ],
101 silly audit   'form-data': [ '4.0.0', '2.5.1' ],
101 silly audit   'fp-ts': [ '1.19.3' ],
101 silly audit   'fs-readdir-recursive': [ '1.1.0' ],
101 silly audit   'fs.realpath': [ '1.0.0' ],
101 silly audit   fsevents: [ '2.3.3' ],
101 silly audit   'function-bind': [ '1.1.2' ],
101 silly audit   'get-caller-file': [ '2.0.5' ],
101 silly audit   'get-func-name': [ '2.0.2' ],
101 silly audit   'get-intrinsic': [ '1.2.4' ],
101 silly audit   'get-port': [ '3.2.0' ],
101 silly audit   'ghost-testrpc': [ '0.0.2' ],
101 silly audit   glob: [ '7.2.0', '8.1.0', '5.0.15', '7.1.7' ],
101 silly audit   'glob-parent': [ '5.1.2' ],
101 silly audit   'global-modules': [ '2.0.0' ],
101 silly audit   'global-prefix': [ '3.0.0' ],
101 silly audit   globby: [ '10.0.2' ],
101 silly audit   gopd: [ '1.0.1' ],
101 silly audit   'graceful-fs': [ '4.2.11' ],
101 silly audit   handlebars: [ '4.7.8' ],
101 silly audit   hardhat: [ '2.22.6' ],
101 silly audit   'hardhat-gas-reporter': [ '1.0.10' ],
101 silly audit   'has-property-descriptors': [ '1.0.2' ],
101 silly audit   'has-proto': [ '1.0.3' ],
101 silly audit   'has-symbols': [ '1.0.3' ],
101 silly audit   'hash-base': [ '3.1.0' ],
101 silly audit   'hash.js': [ '1.1.7' ],
101 silly audit   hasown: [ '2.0.2' ],
101 silly audit   he: [ '1.2.0' ],
101 silly audit   heap: [ '0.2.7' ],
101 silly audit   'hmac-drbg': [ '1.0.1' ],
101 silly audit   'http-basic': [ '8.1.3' ],
101 silly audit   'http-errors': [ '2.0.0' ],
101 silly audit   'http-response-object': [ '3.0.2' ],
101 silly audit   'https-proxy-agent': [ '5.0.1' ],
101 silly audit   'iconv-lite': [ '0.4.24' ],
101 silly audit   ignore: [ '5.3.1' ],
101 silly audit   immutable: [ '4.3.7' ],
101 silly audit   'indent-string': [ '4.0.0' ],
101 silly audit   inflight: [ '1.0.6' ],
101 silly audit   inherits: [ '2.0.4' ],
101 silly audit   ini: [ '1.3.8' ],
101 silly audit   interpret: [ '1.4.0' ],
101 silly audit   'io-ts': [ '1.10.4' ],
101 silly audit   'is-binary-path': [ '2.1.0' ],
101 silly audit   'is-extglob': [ '2.1.1' ],
101 silly audit   'is-glob': [ '4.0.3' ],
101 silly audit   'is-hex-prefixed': [ '1.0.0' ],
101 silly audit   'is-number': [ '7.0.0' ],
101 silly audit   'is-plain-obj': [ '2.1.0' ],
101 silly audit   'is-unicode-supported': [ '0.1.0' ],
101 silly audit   isarray: [ '1.0.0' ],
101 silly audit   isexe: [ '2.0.0' ],
101 silly audit   'js-sha3': [ '0.8.0' ],
101 silly audit   'js-yaml': [ '4.1.0', '3.14.1' ],
101 silly audit   'json-schema-traverse': [ '1.0.0' ],
101 silly audit   jsonschema: [ '1.4.1' ],
101 silly audit   keccak: [ '3.0.4' ],
101 silly audit   'kind-of': [ '6.0.3' ],
101 silly audit   levn: [ '0.3.0' ],
101 silly audit   'locate-path': [ '2.0.0', '6.0.0' ],
101 silly audit   lodash: [ '4.17.21' ],
101 silly audit   'lodash.camelcase': [ '4.3.0' ],
101 silly audit   'lodash.clonedeep': [ '4.5.0' ],
101 silly audit   'lodash.isequal': [ '4.5.0' ],
101 silly audit   'lodash.truncate': [ '4.4.2' ],
101 silly audit   'log-symbols': [ '4.1.0' ],
101 silly audit   loupe: [ '2.3.7' ],
101 silly audit   lru_map: [ '0.3.3' ],
101 silly audit   'make-error': [ '1.3.6' ],
101 silly audit   'markdown-table': [ '1.1.3' ],
101 silly audit   'md5.js': [ '1.3.5' ],
101 silly audit   memorystream: [ '0.3.1' ],
101 silly audit   merge2: [ '1.4.1' ],
101 silly audit   'micro-ftch': [ '0.3.1' ],
101 silly audit   micromatch: [ '4.0.7' ],
101 silly audit   'mime-db': [ '1.52.0' ],
101 silly audit   'mime-types': [ '2.1.35' ],
101 silly audit   'minimalistic-assert': [ '1.0.1' ],
101 silly audit   'minimalistic-crypto-utils': [ '1.0.1' ],
101 silly audit   minimatch: [ '3.1.2', '5.1.6' ],
101 silly audit   minimist: [ '1.2.8' ],
101 silly audit   mkdirp: [ '0.5.6', '1.0.4' ],
101 silly audit   mnemonist: [ '0.38.5' ],
101 silly audit   mocha: [ '10.7.0' ],
101 silly audit   ms: [ '2.1.3', '2.1.2' ],
101 silly audit   'p-limit': [ '3.1.0', '1.3.0' ],
101 silly audit   'p-locate': [ '5.0.0', '2.0.0' ],
101 silly audit   'path-exists': [ '4.0.0', '3.0.0' ],
101 silly audit   'neo-async': [ '2.6.2' ],
101 silly audit   'node-addon-api': [ '2.0.2' ],
101 silly audit   'node-emoji': [ '1.11.0' ],
101 silly audit   'node-gyp-build': [ '4.8.1' ],
101 silly audit   nofilter: [ '3.1.0' ],
101 silly audit   nopt: [ '3.0.6' ],
101 silly audit   'normalize-path': [ '3.0.0' ],
101 silly audit   'number-to-bn': [ '1.7.0' ],
101 silly audit   'object-assign': [ '4.1.1' ],
101 silly audit   'object-inspect': [ '1.13.2' ],
101 silly audit   obliterator: [ '2.0.4' ],
101 silly audit   once: [ '1.4.0' ],
101 silly audit   optionator: [ '0.8.3' ],
101 silly audit   ordinal: [ '1.0.3' ],
101 silly audit   'os-tmpdir': [ '1.0.2' ],
101 silly audit   'p-map': [ '4.0.0' ],
101 silly audit   'p-try': [ '1.0.0' ],
101 silly audit   'parse-cache-control': [ '1.0.1' ],
101 silly audit   'path-is-absolute': [ '1.0.1' ],
101 silly audit   'path-parse': [ '1.0.7' ],
101 silly audit   'path-type': [ '4.0.0' ],
101 silly audit   pathval: [ '1.1.1' ],
101 silly audit   pbkdf2: [ '3.1.2' ],
101 silly audit   picomatch: [ '2.3.1' ],
101 silly audit   pify: [ '4.0.1' ],
101 silly audit   'prelude-ls': [ '1.1.2' ],
101 silly audit   prettier: [ '2.8.8' ],
101 silly audit   'process-nextick-args': [ '2.0.1' ],
101 silly audit   promise: [ '8.3.0' ],
101 silly audit   'proxy-from-env': [ '1.1.0' ],
101 silly audit   qs: [ '6.12.3' ],
101 silly audit   'queue-microtask': [ '1.2.3' ],
101 silly audit   randombytes: [ '2.1.0' ],
101 silly audit   'raw-body': [ '2.5.2' ],
101 silly audit   readdirp: [ '3.6.0' ],
101 silly audit   rechoir: [ '0.6.2' ],
101 silly audit   'recursive-readdir': [ '2.2.3' ],
101 silly audit   'reduce-flatten': [ '2.0.0' ],
101 silly audit   'req-cwd': [ '2.0.0' ],
101 silly audit   'req-from': [ '2.0.0' ],
101 silly audit   'require-directory': [ '2.1.1' ],
101 silly audit   'require-from-string': [ '2.0.2' ],
101 silly audit   resolve: [ '1.17.0', '1.1.7' ],
101 silly audit   'resolve-from': [ '3.0.0' ],
101 silly audit   reusify: [ '1.0.4' ],
101 silly audit   ripemd160: [ '2.0.2' ],
101 silly audit   'run-parallel': [ '1.2.0' ],
101 silly audit   'safer-buffer': [ '2.1.2' ],
101 silly audit   'sc-istanbul': [ '0.4.6' ],
101 silly audit   'scrypt-js': [ '3.0.1' ],
101 silly audit   secp256k1: [ '4.0.3' ],
101 silly audit   semver: [ '6.3.1', '5.7.2', '7.6.3' ],
101 silly audit   'serialize-javascript': [ '6.0.2' ],
101 silly audit   'set-function-length': [ '1.2.2' ],
101 silly audit   setimmediate: [ '1.0.5' ],
101 silly audit   setprototypeof: [ '1.2.0' ],
101 silly audit   'sha.js': [ '2.4.11' ],
101 silly audit   sha1: [ '1.1.1' ],
101 silly audit   shelljs: [ '0.8.5' ],
101 silly audit   'side-channel': [ '1.0.6' ],
101 silly audit   slash: [ '3.0.0' ],
101 silly audit   'slice-ansi': [ '4.0.0' ],
101 silly audit   solc: [ '0.8.26' ],
101 silly audit   'solidity-coverage': [ '0.8.12' ],
101 silly audit   'source-map-support': [ '0.5.21' ],
101 silly audit   'sprintf-js': [ '1.0.3' ],
101 silly audit   'stacktrace-parser': [ '0.1.10' ],
101 silly audit   statuses: [ '2.0.1' ],
101 silly audit   'string-format': [ '2.0.0' ],
101 silly audit   'strip-hex-prefix': [ '1.0.0' ],
101 silly audit   'strip-json-comments': [ '3.1.1' ],
101 silly audit   'sync-request': [ '6.1.0' ],
101 silly audit   'sync-rpc': [ '1.3.6' ],
101 silly audit   table: [ '6.8.2' ],
101 silly audit   'table-layout': [ '1.0.2' ],
101 silly audit   'then-request': [ '6.0.2' ],
101 silly audit   tmp: [ '0.0.33' ],
101 silly audit   'to-regex-range': [ '5.0.1' ],
101 silly audit   toidentifier: [ '1.0.1' ],
101 silly audit   'ts-command-line-args': [ '2.5.1' ],
101 silly audit   'ts-essentials': [ '7.0.3' ],
101 silly audit   'ts-node': [ '10.9.2' ],
101 silly audit   tsort: [ '0.0.1' ],
101 silly audit   tweetnacl: [ '1.0.3' ],
101 silly audit   'tweetnacl-util': [ '0.15.1' ],
101 silly audit   'type-check': [ '0.3.2' ],
101 silly audit   'type-detect': [ '4.1.0' ],
101 silly audit   typechain: [ '8.3.2' ],
101 silly audit   typedarray: [ '0.0.6' ],
101 silly audit   typescript: [ '5.5.4' ],
101 silly audit   'uglify-js': [ '3.19.0' ],
101 silly audit   uint32: [ '0.2.1' ],
101 silly audit   undici: [ '5.28.4' ],
101 silly audit   'undici-types': [ '5.26.5' ],
101 silly audit   unpipe: [ '1.0.0' ],
101 silly audit   utf8: [ '3.0.0' ],
101 silly audit   'util-deprecate': [ '1.0.2' ],
101 silly audit   uuid: [ '8.3.2' ],
101 silly audit   'v8-compile-cache-lib': [ '3.0.1' ],
101 silly audit   'web3-utils': [ '1.10.4' ],
101 silly audit   which: [ '1.3.1' ],
101 silly audit   'widest-line': [ '3.1.0' ],
101 silly audit   'word-wrap': [ '1.2.5' ],
101 silly audit   wordwrap: [ '1.0.0' ],
101 silly audit   wordwrapjs: [ '4.0.1' ],
101 silly audit   workerpool: [ '6.5.1' ],
101 silly audit   'wrap-ansi': [ '7.0.0' ],
101 silly audit   wrappy: [ '1.0.2' ],
101 silly audit   y18n: [ '5.0.8' ],
101 silly audit   yargs: [ '16.2.0' ],
101 silly audit   'yargs-parser': [ '20.2.9' ],
101 silly audit   'yargs-unparser': [ '2.0.0' ],
101 silly audit   yn: [ '3.1.1' ],
101 silly audit   'yocto-queue': [ '0.1.0' ],
101 silly audit   '@nomicfoundation/hardhat-toolbox': [ '3.0.0' ]
101 silly audit }
102 verbose reify failed optional dependency /home/rational/Swiss2/node_modules/fsevents
103 silly reify mark deleted [ '/home/rational/Swiss2/node_modules/fsevents' ]
104 http fetch POST 200 https://registry.npmjs.org/-/npm/v1/security/advisories/bulk 341ms
105 silly audit report {
105 silly audit report   ws: [
105 silly audit report     {
105 silly audit report       id: 1097616,
105 silly audit report       url: 'https://github.com/advisories/GHSA-3h5v-q93c-6h6q',
105 silly audit report       title: 'ws affected by a DoS when handling a request with many HTTP headers',
105 silly audit report       severity: 'high',
105 silly audit report       vulnerable_versions: '>=7.0.0 <7.5.10',
105 silly audit report       cwe: [Array],
105 silly audit report       cvss: [Object]
105 silly audit report     }
105 silly audit report   ]
105 silly audit report }
106 silly packumentCache corgi:https://registry.npmjs.org/ws cache-miss
107 http fetch GET 200 https://registry.npmjs.org/ws 9ms (cache hit)
108 silly packumentCache corgi:https://registry.npmjs.org/ws set size:190597 disposed:false
109 silly packumentCache corgi:https://registry.npmjs.org/@ethersproject%2fproviders cache-miss
110 http fetch GET 200 https://registry.npmjs.org/@ethersproject%2fproviders 7ms (cache hit)
111 silly packumentCache corgi:https://registry.npmjs.org/@ethersproject%2fproviders set size:248939 disposed:false
112 silly packumentCache corgi:https://registry.npmjs.org/ethers cache-miss
113 http fetch GET 200 https://registry.npmjs.org/ethers 8ms (cache hit)
114 silly packumentCache corgi:https://registry.npmjs.org/ethers set size:678558 disposed:false
115 silly packumentCache corgi:https://registry.npmjs.org/@swisstronik%2futils cache-miss
116 silly packumentCache corgi:https://registry.npmjs.org/eth-gas-reporter cache-miss
117 http fetch GET 200 https://registry.npmjs.org/@swisstronik%2futils 9ms (cache hit)
118 silly packumentCache corgi:https://registry.npmjs.org/@swisstronik%2futils set size:15473 disposed:false
119 http fetch GET 200 https://registry.npmjs.org/eth-gas-reporter 9ms (cache hit)
120 silly packumentCache corgi:https://registry.npmjs.org/eth-gas-reporter set size:110101 disposed:false
121 silly packumentCache corgi:https://registry.npmjs.org/hardhat-gas-reporter cache-miss
122 http fetch GET 200 https://registry.npmjs.org/hardhat-gas-reporter 6ms (cache hit)
123 silly packumentCache corgi:https://registry.npmjs.org/hardhat-gas-reporter set size:64274 disposed:false
124 silly ADD
125 verbose cwd /home/rational/Swiss2
126 verbose os Linux 5.15.153.1-microsoft-standard-WSL2
127 verbose node v20.16.0
128 verbose npm  v10.8.1
129 verbose exit 0
130 info ok
